[dotenv@17.2.3] injecting env (4) from env\.env.dev -- tip: 👥 sync secrets across teammates & machines: https://dotenvx.com/ops
🔌 Testing Supabase connection...
✅ Supabase connection successful

🚀 Viking Hammer Backend API - PRODUCTION READY
==============================================
✅ Server running on http://localhost:4001
📱 Frontend (Vite) default: http://localhost:5173
🔍 Health Check: http://localhost:4001/api/health

🔐 Security Features:
   ✅ Password hashing with bcrypt
   ✅ JWT authentication
   ✅ Supabase database integration

📊 Available Endpoints:
   AUTH:
     POST /api/auth/signup - Register new user
     POST /api/auth/signin - Login
     POST /api/auth/change-password - Update password
   USERS/MEMBERS:
     GET    /api/users - Get all users
     GET    /api/users/:id - Get user by ID
     POST   /api/users - Create user
     PUT    /api/users/:id - Update user
     DELETE /api/users/:id - Delete user
     GET    /api/members - Get all members
   CLASSES:
     GET    /api/classes - Get all classes
     GET    /api/classes/:id - Get class by ID
     POST   /api/classes - Create class
     PUT    /api/classes/:id - Update class
     DELETE /api/classes/:id - Delete class
   INSTRUCTORS:
     GET    /api/instructors - Get all instructors
     GET    /api/instructors/:id - Get instructor by ID
     POST   /api/instructors - Create instructor
     PUT    /api/instructors/:id - Update instructor
     DELETE /api/instructors/:id - Delete instructor
   SCHEDULE:
     GET    /api/schedule - Get all schedule slots
     GET    /api/schedule/weekly - Get weekly schedule
     GET    /api/schedule/:id - Get schedule slot
     POST   /api/schedule - Create schedule slot
     PUT    /api/schedule/:id - Update schedule slot
     DELETE /api/schedule/:id - Delete schedule slot
     POST   /api/schedule/:id/cancel - Cancel slot
   BOOKINGS:
     POST   /api/bookings - Book a class
     POST   /api/bookings/:id/cancel - Cancel booking
     GET    /api/bookings/user/:userId - Get user bookings
     GET    /api/bookings - Get all bookings (admin)
     POST   /api/bookings/:id/attended - Mark attended
     POST   /api/bookings/:id/no-show - Mark no-show
   SUBSCRIPTIONS:
     GET    /api/subscriptions - Get all subscriptions
     GET    /api/subscriptions/:id - Get subscription
     GET    /api/subscriptions/user/:userId - Get user subs
     PUT    /api/subscriptions/:id - Update subscription
     POST   /api/subscriptions/:id/suspend - Suspend
     POST   /api/subscriptions/:id/reactivate - Reactivate
     POST   /api/subscriptions/:id/renew - Renew
     DELETE /api/subscriptions/:id - Cancel subscription
   NOTIFICATIONS:
     POST   /api/notifications - Create notification
     GET    /api/notifications/user/:userId - Get user notifications
     PUT    /api/notifications/:id/sent - Mark as sent
     DELETE /api/notifications/:id - Delete notification

==============================================
✅ Ready for UAT testing
2025-10-21T23:17:55.108Z - GET /api/classes
